<?xml version="1.0" encoding="UTF-8"?>
<!-- Generated by org.testng.reporters.JUnitReportReporter -->
<testsuite hostname="DESKTOP-V85LRPA" failures="0" tests="1" name="com.testCase.Tc_login_001" time="6.130" errors="0" timestamp="2023-10-04T23:22:46 GMT-07:00" skipped="0">
  <testcase classname="com.testCase.Tc_login_001" name="loginTest" time="6.130"/>
  <system-out/>
</testsuite> <!-- com.testCase.Tc_login_001 -->
