<?xml version="1.0" encoding="UTF-8"?>
<!-- Generated by org.testng.reporters.JUnitReportReporter -->
<testsuite hostname="DESKTOP-V85LRPA" failures="0" tests="1" name="com.testCase.Tc_home_001" time="13.557" errors="0" timestamp="2023-05-03T03:30:03 GMT-07:00" skipped="0">
  <testcase classname="com.testCase.Tc_home_001" name="homeTest" time="13.557"/>
  <system-out/>
</testsuite> <!-- com.testCase.Tc_home_001 -->
